<?xml version="1.0" encoding="UTF-8"?>
<TestRun id="eb2279f4-5f1c-453c-b0fc-9091057fe95d" name="iwikimon@DESKTOP 2011-04-14 21:56:13" runUser="desktop\iwikimon" xmlns="http://microsoft.com/schemas/VisualStudio/TeamTest/2010">
  <TestSettings name="Local" id="5cabbf7e-7dba-4de4-96a2-6f6be15e8cbb">
    <Description>These are default test settings for a local test run.</Description>
    <Deployment enabled="false" runDeploymentRoot="iwikimon_DESKTOP 2011-04-14 21_56_13" />
    <Execution>
      <TestTypeSpecific />
      <AgentRule name="Execution Agents">
      </AgentRule>
    </Execution>
  </TestSettings>
  <Times creation="2011-04-14T21:56:13.5148608+04:00" queuing="2011-04-14T21:56:14.0008886+04:00" start="2011-04-14T21:56:14.4809161+04:00" finish="2011-04-14T21:56:14.8819390+04:00" />
  <ResultSummary outcome="Failed">
    <Counters total="1" executed="1" error="0" failed="1" timeout="0" aborted="0" inconclusive="0" passedButRunAborted="0" notRunnable="0" notExecuted="0" disconnected="0" warning="0" passed="0" completed="0" inProgress="0" pending="0" />
  </ResultSummary>
  <TestDefinitions>
    <UnitTest name="TestMethod1" storage="e:\dropbox\diplom\ideservice\ideservicetests\bin\debug\ideservicetests.dll" id="3f0ac0da-c4bb-7602-96e0-a01ad5cadc15">
      <Execution timeOut="1800000" id="e17cfbd5-68e0-4d0b-8d69-ae524e9a2686" />
      <TestMethod codeBase="E:/Dropbox/Diplom/IDEService/IDEServiceTests/bin/Debug/IDEServiceTests.DLL" adapterTypeName="Microsoft.VisualStudio.TestTools.TestTypes.Unit.UnitTestAdapter, Microsoft.VisualStudio.QualityTools.Tips.UnitTest.Adapter, Version=10.0.0.0, Culture=neutral, PublicKeyToken=b03f5f7f11d50a3a" className="IDEServiceTests.AccessModuleTest, IDEServiceTests, Version=1.0.0.0, Culture=neutral, PublicKeyToken=null" name="TestMethod1" />
    </UnitTest>
  </TestDefinitions>
  <TestLists>
    <TestList name="Results Not in a List" id="8c84fa94-04c1-424b-9868-57a2d4851a1d" />
    <TestList name="All Loaded Results" id="19431567-8539-422a-85d7-44ee4e166bda" />
  </TestLists>
  <TestEntries>
    <TestEntry testId="3f0ac0da-c4bb-7602-96e0-a01ad5cadc15" executionId="e17cfbd5-68e0-4d0b-8d69-ae524e9a2686" testListId="8c84fa94-04c1-424b-9868-57a2d4851a1d" />
  </TestEntries>
  <Results>
    <UnitTestResult executionId="e17cfbd5-68e0-4d0b-8d69-ae524e9a2686" testId="3f0ac0da-c4bb-7602-96e0-a01ad5cadc15" testName="TestMethod1" computerName="DESKTOP" duration="00:00:00.1741446" startTime="2011-04-14T21:56:14.5629207+04:00" endTime="2011-04-14T21:56:14.7969341+04:00" testType="13cdc9d9-ddb5-4fa4-a97d-d965ccfc6d4b" outcome="Failed" testListId="8c84fa94-04c1-424b-9868-57a2d4851a1d" relativeResultsDirectory="e17cfbd5-68e0-4d0b-8d69-ae524e9a2686">
      <Output>
        <Exception>Адресат вызова создал исключение.</Exception>
        <ErrorInfo>
          <Message>Unable to create instance of class IDEServiceTests.AccessModuleTest. Error: System.IO.FileNotFoundException: Файл 'E:\Dropbox\Diplom\IDEService\IDEServiceTests\bin\Debug\TestResults\iwikimon_DESKTOP 2011-04-14 21_56_13\Out\settings.xml' не найден..</Message>
          <StackTrace>    в System.IO.__Error.WinIOError(Int32 errorCode, String maybeFullPath)
   в System.IO.FileStream.Init(String path, FileMode mode, FileAccess access, Int32 rights, Boolean useRights, FileShare share, Int32 bufferSize, FileOptions options, SECURITY_ATTRIBUTES secAttrs, String msgPath, Boolean bFromProxy, Boolean useLongPath)
   в System.IO.FileStream..ctor(String path, FileMode mode, FileAccess access, FileShare share, Int32 bufferSize)
   в System.Xml.XmlDownloadManager.GetStream(Uri uri, ICredentials credentials, IWebProxy proxy, RequestCachePolicy cachePolicy)
   в System.Xml.XmlUrlResolver.GetEntity(Uri absoluteUri, String role, Type ofObjectToReturn)
   в System.Xml.XmlReaderSettings.CreateReader(String inputUri, XmlParserContext inputContext)
   в System.Xml.XmlReader.Create(String inputUri, XmlReaderSettings settings, XmlParserContext inputContext)
   в System.Xml.Linq.XDocument.Load(String uri, LoadOptions options)
   в System.Xml.Linq.XDocument.Load(String uri)
   в IDEService.Core.Configure..ctor() в e:\Dropbox\Diplom\IDEService\IDEService\Core\Configuration\Configure.cs:строка 36
   в IDEService.Core.Configure.get_Cfg() в e:\Dropbox\Diplom\IDEService\IDEService\Core\Configuration\Configure.cs:строка 22
   в IDEService.Core.Logger..ctor() в e:\Dropbox\Diplom\IDEService\IDEService\Core\Logger\Logger.cs:строка 42
   в IDEService.Core.Logger.get_Log() в e:\Dropbox\Diplom\IDEService\IDEService\Core\Logger\Logger.cs:строка 20
   в IDEService.Core.Subsystem..ctor(SubsystemType type) в e:\Dropbox\Diplom\IDEService\IDEService\Core\Subsystems\Subsystem.cs:строка 15
   в IDEService.Core.AccessSubsystem..ctor() в e:\Dropbox\Diplom\IDEService\IDEService\Core\Subsystems\Implementation\Access\AccessSubsystem.cs:строка 9
   в IDEServiceTests.AccessModuleTest..ctor() в E:\Dropbox\Diplom\IDEService\IDEServiceTests\AccessModuleTest.cs:строка 13
</StackTrace>
        </ErrorInfo>
      </Output>
    </UnitTestResult>
  </Results>
</TestRun>